<?xml version="1.0" encoding="UTF-8"?>
<!-- Generated by org.testng.reporters.JUnitReportReporter -->
<testsuite hostname="DESKTOP-O6PK2DD" failures="0" tests="1" name="serializationPackage.ArraySerialization" time="0.139" errors="0" timestamp="2024-02-26T13:09:29 IST" skipped="0">
  <testcase classname="serializationPackage.ArraySerialization" name="getSerialization" time="0.139"/>
  <system-out/>
</testsuite> <!-- serializationPackage.ArraySerialization -->
