<?xml version="1.0" encoding="UTF-8"?>
<!-- Generated by org.testng.reporters.JUnitReportReporter -->
<testsuite hostname="DESKTOP-O6PK2DD" failures="0" tests="1" name="reqres.inCRUDOperations.GetSingleUser" time="1.461" errors="0" timestamp="2024-02-22T12:32:57 IST" skipped="0">
  <testcase classname="reqres.inCRUDOperations.GetSingleUser" name="getSingleUser" time="1.461"/>
  <system-out/>
</testsuite> <!-- reqres.inCRUDOperations.GetSingleUser -->
