<?xml version="1.0" encoding="UTF-8"?>
<!-- Generated by org.testng.reporters.JUnitReportReporter -->
<testsuite hostname="DESKTOP-O6PK2DD" failures="0" tests="1" name="responseValidation.DynamicResponseValidation" time="2.215" errors="0" timestamp="2024-02-23T10:57:10 IST" skipped="0">
  <testcase classname="responseValidation.DynamicResponseValidation" name="getDynamicResponseValidationTest" time="2.215"/>
  <system-out/>
</testsuite> <!-- responseValidation.DynamicResponseValidation -->
