<?xml version="1.0" encoding="UTF-8"?>
<!-- Generated by org.testng.reporters.JUnitReportReporter -->
<testsuite hostname="DESKTOP-O6PK2DD" failures="0" tests="1" name="schemaPackage.Schema" time="2.257" errors="0" timestamp="2024-02-26T16:01:00 IST" skipped="0">
  <testcase classname="schemaPackage.Schema" name="schema" time="2.257"/>
  <system-out/>
</testsuite> <!-- schemaPackage.Schema -->
