<?xml version="1.0" encoding="UTF-8"?>
<!-- Generated by org.testng.reporters.JUnitReportReporter -->
<testsuite hostname="DESKTOP-O6PK2DD" failures="0" tests="3" name="dataDriven.DataDrivenTesting" time="2.217" errors="0" timestamp="2024-02-23T17:26:52 IST" skipped="0">
  <testcase classname="dataDriven.DataDrivenTesting" name="getDDT" time="0.234"/>
  <system-out/>
  <testcase classname="dataDriven.DataDrivenTesting" name="getDDT" time="1.732"/>
  <system-out/>
  <testcase classname="dataDriven.DataDrivenTesting" name="getDDT" time="0.251"/>
  <system-out/>
</testsuite> <!-- dataDriven.DataDrivenTesting -->
