<?xml version="1.0" encoding="UTF-8"?>
<!-- Generated by org.testng.reporters.JUnitReportReporter -->
<testsuite hostname="DESKTOP-O6PK2DD" failures="0" tests="1" name="differntWaysToPostRequest.UsingJsonFile" time="1.514" errors="0" timestamp="2024-02-22T15:59:45 IST" skipped="0">
  <testcase classname="differntWaysToPostRequest.UsingJsonFile" name="createProject" time="1.514"/>
  <system-out/>
</testsuite> <!-- differntWaysToPostRequest.UsingJsonFile -->
