<?xml version="1.0" encoding="UTF-8"?>
<!-- Generated by org.testng.reporters.JUnitReportReporter -->
<testsuite hostname="DESKTOP-O6PK2DD" failures="0" tests="1" name="bddApproach.PutMethod" time="1.406" errors="0" timestamp="2024-02-22T13:21:54 IST" skipped="0">
  <testcase classname="bddApproach.PutMethod" name="putMethod" time="1.406"/>
  <system-out/>
</testsuite> <!-- bddApproach.PutMethod -->
