<?xml version="1.0" encoding="UTF-8"?>
<!-- Generated by org.testng.reporters.JUnitReportReporter -->
<testsuite hostname="DESKTOP-O6PK2DD" failures="0" tests="1" name="dataMasking.DataMasking" time="1.741" errors="0" timestamp="2024-02-28T10:34:37 IST" skipped="0">
  <testcase classname="dataMasking.DataMasking" name="getDataMasking" time="1.741"/>
  <system-out/>
</testsuite> <!-- dataMasking.DataMasking -->
