<?xml version="1.0" encoding="UTF-8"?>
<!-- Generated by org.testng.reporters.JUnitReportReporter -->
<testsuite hostname="DESKTOP-O6PK2DD" failures="0" tests="1" name="bddApproach.DeleteProject" time="1.248" errors="0" timestamp="2024-02-22T13:26:10 IST" skipped="0">
  <testcase classname="bddApproach.DeleteProject" name="deleteProject" time="1.248"/>
  <system-out/>
</testsuite> <!-- bddApproach.DeleteProject -->
