<?xml version="1.0" encoding="UTF-8"?>
<!-- Generated by org.testng.reporters.JUnitReportReporter -->
<testsuite hostname="DESKTOP-O6PK2DD" failures="0" tests="1" name="crudOperations.DeleteProjectMethod" time="1.208" errors="0" timestamp="2024-02-22T12:19:19 IST" skipped="0">
  <testcase classname="crudOperations.DeleteProjectMethod" name="deleteMethod" time="1.208"/>
  <system-out/>
</testsuite> <!-- crudOperations.DeleteProjectMethod -->
