<?xml version="1.0" encoding="UTF-8"?>
<!-- Generated by org.testng.reporters.JUnitReportReporter -->
<testsuite hostname="DESKTOP-O6PK2DD" failures="0" tests="1" name="reqres.inPackage.UpdateReqres" time="2.851" errors="0" timestamp="2024-02-22T17:49:31 IST" skipped="0">
  <testcase classname="reqres.inPackage.UpdateReqres" name="updateUser" time="2.851"/>
  <system-out/>
</testsuite> <!-- reqres.inPackage.UpdateReqres -->
