<?xml version="1.0" encoding="UTF-8"?>
<!-- Generated by org.testng.reporters.JUnitReportReporter -->
<testsuite hostname="DESKTOP-O6PK2DD" failures="0" tests="1" name="serializationPackage.SpouseDeserialization" time="0.148" errors="0" timestamp="2024-02-26T15:59:34 IST" skipped="0">
  <testcase classname="serializationPackage.SpouseDeserialization" name="getDeserialization" time="0.148"/>
  <system-out/>
</testsuite> <!-- serializationPackage.SpouseDeserialization -->
