<?xml version="1.0" encoding="UTF-8"?>
<!-- Generated by org.testng.reporters.JUnitReportReporter -->
<testsuite hostname="DESKTOP-O6PK2DD" failures="0" tests="1" name="crudOperations.GetProject" time="1.339" errors="0" timestamp="2024-02-22T12:02:42 IST" skipped="0">
  <testcase classname="crudOperations.GetProject" name="getProject" time="1.339"/>
  <system-out/>
</testsuite> <!-- crudOperations.GetProject -->
