<?xml version="1.0" encoding="UTF-8"?>
<!-- Generated by org.testng.reporters.JUnitReportReporter -->
<testsuite hostname="DESKTOP-O6PK2DD" failures="0" tests="1" name="crudOperations.PutMethod" time="1.486" errors="0" timestamp="2024-02-22T12:09:36 IST" skipped="0">
  <testcase classname="crudOperations.PutMethod" name="PutMethod" time="1.486"/>
  <system-out/>
</testsuite> <!-- crudOperations.PutMethod -->
