<?xml version="1.0" encoding="UTF-8"?>
<!-- Generated by org.testng.reporters.JUnitReportReporter -->
<testsuite hostname="DESKTOP-O6PK2DD" failures="0" tests="1" name="responseBodyValidation.ResponseBodyValidaton_Test" time="1.452" errors="0" timestamp="2024-02-28T10:15:38 IST" skipped="0">
  <testcase classname="responseBodyValidation.ResponseBodyValidaton_Test" name="getResponseBodyValidation" time="1.452"/>
  <system-out/>
</testsuite> <!-- responseBodyValidation.ResponseBodyValidaton_Test -->
