<?xml version="1.0" encoding="UTF-8"?>
<!-- Generated by org.testng.reporters.JUnitReportReporter -->
<testsuite hostname="DESKTOP-O6PK2DD" failures="0" tests="1" name="authentication.Oauth2" time="2.741" errors="0" timestamp="2024-02-26T11:27:37 IST" skipped="0">
  <testcase classname="authentication.Oauth2" name="getAuth2" time="2.741"/>
  <system-out/>
</testsuite> <!-- authentication.Oauth2 -->
