<?xml version="1.0" encoding="UTF-8"?>
<!-- Generated by org.testng.reporters.JUnitReportReporter -->
<testsuite hostname="DESKTOP-O6PK2DD" failures="0" tests="1" name="differntWaysToPostRequest.UsingPojoClass" time="2.037" errors="0" timestamp="2024-02-22T16:19:32 IST" skipped="0">
  <testcase classname="differntWaysToPostRequest.UsingPojoClass" name="createProject" time="2.037"/>
  <system-out/>
</testsuite> <!-- differntWaysToPostRequest.UsingPojoClass -->
