<?xml version="1.0" encoding="UTF-8"?>
<!-- Generated by org.testng.reporters.JUnitReportReporter -->
<testsuite hostname="DESKTOP-O6PK2DD" failures="0" tests="1" name="serializationPackage.SpouseSerialization" time="0.172" errors="0" timestamp="2024-02-26T15:51:26 IST" skipped="0">
  <testcase classname="serializationPackage.SpouseSerialization" name="getSerialization" time="0.172"/>
  <system-out/>
</testsuite> <!-- serializationPackage.SpouseSerialization -->
