<?xml version="1.0" encoding="UTF-8"?>
<!-- Generated by org.testng.reporters.JUnitReportReporter -->
<testsuite hostname="DESKTOP-O6PK2DD" failures="0" tests="1" name="serializationUsingDDT.Serialization" time="0.261" errors="0" timestamp="2024-03-14T21:06:48 IST" skipped="0">
  <testcase classname="serializationUsingDDT.Serialization" name="getSerializatioin" time="0.261"/>
  <system-out/>
</testsuite> <!-- serializationUsingDDT.Serialization -->
