<?xml version="1.0" encoding="UTF-8"?>
<!-- Generated by org.testng.reporters.JUnitReportReporter -->
<testsuite hostname="DESKTOP-O6PK2DD" failures="0" tests="1" name="serializationPackage.Serialization" time="0.147" errors="0" timestamp="2024-02-26T12:48:52 IST" skipped="0">
  <testcase classname="serializationPackage.Serialization" name="getSerialization" time="0.147"/>
  <system-out/>
</testsuite> <!-- serializationPackage.Serialization -->
