<?xml version="1.0" encoding="UTF-8"?>
<!-- Generated by org.testng.reporters.JUnitReportReporter -->
<testsuite hostname="DESKTOP-O6PK2DD" failures="0" tests="1" name="reqres.inCRUDOperations.ListUsers" time="2.620" errors="0" timestamp="2024-02-22T12:26:40 IST" skipped="0">
  <testcase classname="reqres.inCRUDOperations.ListUsers" name="getUsersList" time="2.620"/>
  <system-out/>
</testsuite> <!-- reqres.inCRUDOperations.ListUsers -->
