<?xml version="1.0" encoding="UTF-8"?>
<!-- Generated by org.testng.reporters.JUnitReportReporter -->
<testsuite hostname="DESKTOP-O6PK2DD" failures="0" tests="1" name="responseValidation.StaticResponseValidationInReqres" time="1.848" errors="0" timestamp="2024-02-23T11:12:00 IST" skipped="0">
  <testcase classname="responseValidation.StaticResponseValidationInReqres" name="getStaticResponse" time="1.848"/>
  <system-out/>
</testsuite> <!-- responseValidation.StaticResponseValidationInReqres -->
