<?xml version="1.0" encoding="UTF-8"?>
<!-- Generated by org.testng.reporters.JUnitReportReporter -->
<testsuite hostname="DESKTOP-O6PK2DD" failures="0" tests="1" name="responseValidation.DynamicResponseValidationReqres" time="2.857" errors="0" timestamp="2024-02-23T17:24:29 IST" skipped="0">
  <testcase classname="responseValidation.DynamicResponseValidationReqres" name="getDyanamicResponse" time="2.857"/>
  <system-out/>
</testsuite> <!-- responseValidation.DynamicResponseValidationReqres -->
