<?xml version="1.0" encoding="UTF-8"?>
<!-- Generated by org.testng.reporters.JUnitReportReporter -->
<testsuite hostname="DESKTOP-O6PK2DD" failures="0" tests="1" name="responseValidation.StaticResponseValidation" time="2.239" errors="0" timestamp="2024-02-23T10:30:12 IST" skipped="0">
  <testcase classname="responseValidation.StaticResponseValidation" name="getStaticResponseValidationTest" time="2.239"/>
  <system-out/>
</testsuite> <!-- responseValidation.StaticResponseValidation -->
