<?xml version="1.0" encoding="UTF-8"?>
<!-- Generated by org.testng.reporters.JUnitReportReporter -->
<testsuite hostname="DESKTOP-O6PK2DD" failures="0" tests="1" name="authentication.BearerToken" time="2.760" errors="0" timestamp="2024-02-26T11:13:47 IST" skipped="0">
  <testcase classname="authentication.BearerToken" name="getBearerToken" time="2.760"/>
  <system-out/>
</testsuite> <!-- authentication.BearerToken -->
