<?xml version="1.0" encoding="UTF-8"?>
<!-- Generated by org.testng.reporters.JUnitReportReporter -->
<testsuite hostname="DESKTOP-O6PK2DD" failures="0" tests="1" name="serializationPackage.ArrayDeserialization" time="0.151" errors="0" timestamp="2024-02-26T13:19:14 IST" skipped="0">
  <testcase classname="serializationPackage.ArrayDeserialization" name="getArrayDeserialization" time="0.151"/>
  <system-out/>
</testsuite> <!-- serializationPackage.ArrayDeserialization -->
