<?xml version="1.0" encoding="UTF-8"?>
<!-- Generated by org.testng.reporters.JUnitReportReporter -->
<testsuite hostname="DESKTOP-O6PK2DD" failures="0" tests="2" name="verificationOfCookies.VerificationOfCookies" time="2.482" errors="0" timestamp="2024-02-28T11:06:51 IST" skipped="0">
  <testcase classname="verificationOfCookies.VerificationOfCookies" name="getCookies" time="1.720"/>
  <system-out/>
  <testcase classname="verificationOfCookies.VerificationOfCookies" name="getMultipleCookies" time="0.762"/>
  <system-out/>
</testsuite> <!-- verificationOfCookies.VerificationOfCookies -->
