<?xml version="1.0" encoding="UTF-8"?>
<!-- Generated by org.testng.reporters.JUnitReportReporter -->
<testsuite hostname="DESKTOP-O6PK2DD" failures="0" tests="3" name="authentication.BasicAuthentication" time="1.788" errors="0" timestamp="2024-02-26T10:15:11 IST" skipped="0">
  <testcase classname="authentication.BasicAuthentication" name="getPreemtiveBasicAuth" time="0.160"/>
  <system-out/>
  <testcase classname="authentication.BasicAuthentication" name="getDigest" time="0.145"/>
  <system-out/>
  <testcase classname="authentication.BasicAuthentication" name="getBasicAuth" time="1.483"/>
  <system-out/>
</testsuite> <!-- authentication.BasicAuthentication -->
