<?xml version="1.0" encoding="UTF-8"?>
<!-- Generated by org.testng.reporters.JUnitReportReporter -->
<testsuite hostname="DESKTOP-O6PK2DD" failures="0" tests="1" name="crudOperations.CreateProject" time="1.379" errors="0" timestamp="2024-02-22T12:15:53 IST" skipped="0">
  <testcase classname="crudOperations.CreateProject" name="createProject" time="1.379"/>
  <system-out/>
</testsuite> <!-- crudOperations.CreateProject -->
