<?xml version="1.0" encoding="UTF-8"?>
<!-- Generated by org.testng.reporters.JUnitReportReporter -->
<testsuite hostname="DESKTOP-O6PK2DD" failures="0" tests="1" name="requestSpecifiactionBuilder.RequestSpecifiactionBuilder" time="2.328" errors="0" timestamp="2024-02-27T10:48:04 IST" skipped="0">
  <testcase classname="requestSpecifiactionBuilder.RequestSpecifiactionBuilder" name="getRequestAndResponseSpecification" time="2.328"/>
  <system-out/>
</testsuite> <!-- requestSpecifiactionBuilder.RequestSpecifiactionBuilder -->
