<?xml version="1.0" encoding="UTF-8"?>
<!-- Generated by org.testng.reporters.JUnitReportReporter -->
<testsuite hostname="DESKTOP-O6PK2DD" failures="0" tests="1" name="serializationPackage.Deserialization" time="0.152" errors="0" timestamp="2024-02-26T13:14:24 IST" skipped="0">
  <testcase classname="serializationPackage.Deserialization" name="getDeserialization" time="0.152"/>
  <system-out/>
</testsuite> <!-- serializationPackage.Deserialization -->
