<?xml version="1.0" encoding="UTF-8"?>
<!-- Generated by org.testng.reporters.JUnitReportReporter -->
<testsuite hostname="DESKTOP-O6PK2DD" failures="0" tests="1" name="bddApproach.GetProject" time="1.196" errors="0" timestamp="2024-02-23T12:24:20 IST" skipped="0">
  <testcase classname="bddApproach.GetProject" name="getAllProjects" time="1.196"/>
  <system-out/>
</testsuite> <!-- bddApproach.GetProject -->
