<?xml version="1.0" encoding="UTF-8"?>
<!-- Generated by org.testng.reporters.JUnitReportReporter -->
<testsuite hostname="DESKTOP-O6PK2DD" failures="0" tests="1" name="serializationPackage.ArrayOfObjectSerialization" time="0.154" errors="0" timestamp="2024-02-26T18:08:23 IST" skipped="0">
  <testcase classname="serializationPackage.ArrayOfObjectSerialization" name="getserialization" time="0.154"/>
  <system-out/>
</testsuite> <!-- serializationPackage.ArrayOfObjectSerialization -->
