<?xml version="1.0" encoding="UTF-8"?>
<!-- Generated by org.testng.reporters.JUnitReportReporter -->
<testsuite hostname="DESKTOP-O6PK2DD" failures="0" tests="1" name="differntWaysToPostRequest.UsingHashMap" time="1.920" errors="0" timestamp="2024-02-22T16:12:42 IST" skipped="0">
  <testcase classname="differntWaysToPostRequest.UsingHashMap" name="createProjectUsingHashMap" time="1.920"/>
  <system-out/>
</testsuite> <!-- differntWaysToPostRequest.UsingHashMap -->
