<?xml version="1.0" encoding="UTF-8"?>
<!-- Generated by org.testng.reporters.JUnitReportReporter -->
<testsuite hostname="DESKTOP-O6PK2DD" failures="0" tests="1" name="requestChainingPackage.RequestChaining" time="3.837" errors="0" timestamp="2024-02-23T15:23:46 IST" skipped="0">
  <testcase classname="requestChainingPackage.RequestChaining" name="initiateRequestChainingMethod" time="3.837"/>
  <system-out/>
</testsuite> <!-- requestChainingPackage.RequestChaining -->
