<?xml version="1.0" encoding="UTF-8"?>
<!-- Generated by org.testng.reporters.JUnitReportReporter -->
<testsuite hostname="DESKTOP-O6PK2DD" failures="0" tests="1" name="apiFrameworkTestScript.Script_One" time="1.939" errors="0" timestamp="2024-02-27T14:53:47 IST" skipped="0">
  <testcase classname="apiFrameworkTestScript.Script_One" name="getCreateProject" time="1.939"/>
  <system-out/>
</testsuite> <!-- apiFrameworkTestScript.Script_One -->
